#
# A fatal error has been detected by the Java Runtime Environment:
#
#  SIGSEGV (0xb) at pc=0x0000717e460d8c74, pid=30442, tid=30452
#
# JRE version: OpenJDK Runtime Environment Temurin-21.0.10+7 (21.0.10+7) (build 21.0.10+7-LTS)
# Java VM: OpenJDK 64-Bit Server VM Temurin-21.0.10+7 (21.0.10+7-LTS, mixed mode, sharing, tiered, compressed oops, compressed class ptrs, parallel gc, linux-amd64)
# Problematic frame:
# V  [libjvm.so+0xcd8c74]  Node::clone() const+0x144
#
# Core dump will be written. Default location: Core dumps may be processed with "/usr/share/apport/apport -p%p -s%s -c%c -d%d -P%P -u%u -g%g -F%F -- %E" (or dumping to /home/shuayb/compliantApp/core.30442)
#
# If you would like to submit a bug report, please visit:
#   https://github.com/adoptium/adoptium-support/issues
#

---------------  S U M M A R Y ------------

Command Line: --add-modules=ALL-SYSTEM --add-opens=java.base/java.util=ALL-UNNAMED --add-opens=java.base/java.lang=ALL-UNNAMED --add-opens=java.base/sun.nio.fs=ALL-UNNAMED -Declipse.application=org.eclipse.jdt.ls.core.id1 -Dosgi.bundles.defaultStartLevel=4 -Declipse.product=org.eclipse.jdt.ls.core.product -Djava.import.generatesMetadataFilesAtProjectRoot=false -DDetectVMInstallationsJob.disabled=true -Dfile.encoding=utf8 -XX:+UseParallelGC -XX:GCTimeRatio=4 -XX:AdaptiveSizePolicyWeight=90 -Dsun.zip.disableMemoryMapping=true -Xmx2G -Xms100m -Xlog:disable -javaagent:/home/shuayb/.antigravity/extensions/redhat.java-1.54.0-linux-x64/lombok/lombok-1.18.39-4050.jar -XX:+HeapDumpOnOutOfMemoryError -XX:HeapDumpPath=/home/shuayb/.config/Antigravity/User/workspaceStorage/34019368f6606a09834831d70976d73f/redhat.java -Daether.dependencyCollector.impl=bf /home/shuayb/.antigravity/extensions/redhat.java-1.54.0-linux-x64/server/plugins/org.eclipse.equinox.launcher_1.7.100.v20251111-0406.jar -configuration /home/shuayb/.config/Antigravity/User/globalStorage/redhat.java/1.54.0/config_linux -data /home/shuayb/.config/Antigravity/User/workspaceStorage/34019368f6606a09834831d70976d73f/redhat.java/jdt_ws --pipe=/run/user/1000/lsp-da164ca7137d03a29d382339cbea04cc.sock

Host: Intel(R) Core(TM) i5-8365U CPU @ 1.60GHz, 8 cores, 15G, Ubuntu 24.04.4 LTS
Time: Fri May 22 23:30:40 2026 EAT elapsed time: 1.132277 seconds (0d 0h 0m 1s)

---------------  T H R E A D  ---------------

Current thread (0x0000717e4017c850):  JavaThread "C2 CompilerThread0" daemon [_thread_in_native, id=30452, stack(0x0000717e2c0e9000,0x0000717e2c1e9000) (1024K)]


Current CompileTask:
C2:1132  653       4       lombok.patcher.scripts.MethodLevelPatchScript::patch (21 bytes)

Stack: [0x0000717e2c0e9000,0x0000717e2c1e9000],  sp=0x0000717e2c1e4e70,  free space=1007k
Native frames: (J=compiled Java code, j=interpreted, Vv=VM code, C=native code)
V  [libjvm.so+0xcd8c74]  Node::clone() const+0x144
V  [libjvm.so+0x890ee6]  GraphKit::clone_map()+0x66
V  [libjvm.so+0x891098]  PreserveJVMState::PreserveJVMState(GraphKit*, bool)+0x38
V  [libjvm.so+0x59d748]  PredictedCallGenerator::generate(JVMState*)+0x178
V  [libjvm.so+0x7674a3]  Parse::do_call()+0x1f3
V  [libjvm.so+0xd3ebb5]  Parse::do_one_block()+0x1d5
V  [libjvm.so+0xd3efe5]  Parse::do_all_blocks()+0xe5
V  [libjvm.so+0xd41745]  Parse::Parse(JVMState*, ciMethod*, float)+0x725
V  [libjvm.so+0x59bf7b]  ParseGenerator::generate(JVMState*)+0x8b
V  [libjvm.so+0x59d8c9]  PredictedCallGenerator::generate(JVMState*)+0x2f9
V  [libjvm.so+0x7674a3]  Parse::do_call()+0x1f3
V  [libjvm.so+0xd3ebb5]  Parse::do_one_block()+0x1d5
V  [libjvm.so+0xd3efe5]  Parse::do_all_blocks()+0xe5
V  [libjvm.so+0xd41745]  Parse::Parse(JVMState*, ciMethod*, float)+0x725
V  [libjvm.so+0x59bf7b]  ParseGenerator::generate(JVMState*)+0x8b
V  [libjvm.so+0x7674a3]  Parse::do_call()+0x1f3
V  [libjvm.so+0xd3ebb5]  Parse::do_one_block()+0x1d5
V  [libjvm.so+0xd3efe5]  Parse::do_all_blocks()+0xe5
V  [libjvm.so+0xd41745]  Parse::Parse(JVMState*, ciMethod*, float)+0x725
V  [libjvm.so+0x59bf7b]  ParseGenerator::generate(JVMState*)+0x8b
V  [libjvm.so+0x7674a3]  Parse::do_call()+0x1f3
V  [libjvm.so+0xd3ebb5]  Parse::do_one_block()+0x1d5
V  [libjvm.so+0xd3efe5]  Parse::do_all_blocks()+0xe5
V  [libjvm.so+0xd41745]  Parse::Parse(JVMState*, ciMethod*, float)+0x725
V  [libjvm.so+0x59bf7b]  ParseGenerator::generate(JVMState*)+0x8b
V  [libjvm.so+0x675576]  Compile::Compile(ciEnv*, ciMethod*, int, Options, DirectiveSet*)+0xd76
V  [libjvm.so+0x59ad7b]  C2Compiler::compile_method(ciEnv*, ciMethod*, int, bool, DirectiveSet*)+0x18b
V  [libjvm.so+0x67bbce]  CompileBroker::invoke_compiler_on_method(CompileTask*)+0xc9e
V  [libjvm.so+0x67ef08]  CompileBroker::compiler_thread_loop()+0x738
V  [libjvm.so+0x92f8a8]  JavaThread::thread_main_inner()+0x1d8
V  [libjvm.so+0xf84d48]  Thread::call_run()+0xa8
V  [libjvm.so+0xd0e2da]  thread_native_entry(Thread*)+0xda
C  [libc.so.6+0x9caa4]

siginfo: si_signo: 11 (SIGSEGV), si_code: 1 (SEGV_MAPERR), si_addr: 0x0000715e4021c408

Registers:
RAX=0x0000715e4021c308, RBX=0x0000717db8232598, RCX=0x0000717e40217cc8, RDX=0x0000000000000021
RSP=0x0000717e2c1e4e70, RBP=0x0000717e2c1e4ea0, RSI=0x0000000000000020, RDI=0x0000717e4021ca28
R8 =0x000000000000000a, R9 =0x0000717db822de48, R10=0x0000000000000000, R11=0x000000000000001c
R12=0x0000717e40217c70, R13=0x0000717e4021c9d8, R14=0x0000000000000011, R15=0x0000717e2c1e6ad0
RIP=0x0000717e460d8c74, EFLAGS=0x0000000000010287, CSGSFS=0x002b000000000033, ERR=0x0000000000000006
  TRAPNO=0x000000000000000e

XMM[0]=0x0000717db8225e90 0x0000000000000000
XMM[1]=0x0000000000000000 0x0000000000000004
XMM[2]=0x0000717db823e118 0x0000717db8241de0
XMM[3]=0x0000717db8243610 0x0000717db82429e8
XMM[4]=0x0000717e4021bd88 0x0000717e4021a8f8
XMM[5]=0x0000717e40219270 0x0000717e40218f80
XMM[6]=0x0000717e402184d0 0x0000717e40218060
XMM[7]=0x0000717db8242570 0x0000717db8243370
XMM[8]=0x0000717db82434b8 0x0000717e40216bd0
XMM[9]=0x0000717dbc179a68 0x0000717dbc179a08
XMM[10]=0x0000717dbc179408 0x0000717dbc1794c8
XMM[11]=0x0000717dbc179468 0x0000717dbc179528
XMM[12]=0x0000717dbc1793a8 0x0000717dbc179348
XMM[13]=0x0000000000000000 0x0000717dbc179828
XMM[14]=0x0000000000000000 0x0000717dbc1798e8
XMM[15]=0x0000000000000000 0x0000717dbc1799a8
  MXCSR=0x00001fa2


Register to memory mapping:

RAX=0x0000715e4021c308 is an unknown value
RBX=0x0000717db8232598 points into unknown readable memory: 0x0000717e468cb918 | 18 b9 8c 46 7e 71 00 00
RCX=0x0000717e40217cc8 points into unknown readable memory: 0x0000717db823f0a8 | a8 f0 23 b8 7d 71 00 00
RDX=0x0000000000000021 is an unknown value
RSP=0x0000717e2c1e4e70 is pointing into the stack for thread: 0x0000717e4017c850
RBP=0x0000717e2c1e4ea0 is pointing into the stack for thread: 0x0000717e4017c850
RSI=0x0000000000000020 is an unknown value
RDI=0x0000717e4021ca28 points into unknown readable memory: 0x0000000000000000 | 00 00 00 00 00 00 00 00
R8 =0x000000000000000a is an unknown value
R9 =0x0000717db822de48 points into unknown readable memory: 0x0000717e468c84f0 | f0 84 8c 46 7e 71 00 00
R10=0x0 is null
R11=0x000000000000001c is an unknown value
R12=0x0000717e40217c70 points into unknown readable memory: 0x0000717e468c7b70 | 70 7b 8c 46 7e 71 00 00
R13=0x0000717e4021c9d8 points into unknown readable memory: 0x0000717e468c7b70 | 70 7b 8c 46 7e 71 00 00
R14=0x0000000000000011 is an unknown value
R15=0x0000717e2c1e6ad0 is pointing into the stack for thread: 0x0000717e4017c850

Top of Stack: (sp=0x0000717e2c1e4e70)
0x0000717e2c1e4e70:   0000717e2c1e4f48 0000717e2c1e4f70
0x0000717e2c1e4e80:   000000000000078f 0000717e4021c8a0
0x0000717e2c1e4e90:   0000717db80230e8 0000717dbc174990
0x0000717e2c1e4ea0:   0000717e2c1e4ee0 0000717e45c90ee6
0x0000717e2c1e4eb0:   0000717e2c1e4f00 0000717e2c1e4f70
0x0000717e2c1e4ec0:   0000717e2c1e4f70 0000717db8231b78
0x0000717e2c1e4ed0:   0000717e2c1e4f48 0000717e2c1e4f50
0x0000717e2c1e4ee0:   0000717e2c1e4f00 0000717e45c91098
0x0000717e2c1e4ef0:   0000717e2c1e4f48 0000717db81cece0
0x0000717e2c1e4f00:   0000717e2c1e5000 0000717e4599d748
0x0000717e2c1e4f10:   0000717d01000038 0000717e00000000
0x0000717e2c1e4f20:   0000717d00000001 0000000000001d0a
0x0000717e2c1e4f30:   0000717e2c1e6010 0000717db0002a40
0x0000717e2c1e4f40:   0000717db82261b0 0000717db8231b78
0x0000717e2c1e4f50:   0000717e2c1e4f70 0000717e40217c70
0x0000717e2c1e4f60:   0000717e00000001 0000717db8231b78
0x0000717e2c1e4f70:   0000717e4682ac48 0000717e00000001
0x0000717e2c1e4f80:   0000717e2c1e6ad0 0000717e2c1e7690
0x0000717e2c1e4f90:   0000717e2c1e6010 0000717e40217c70
0x0000717e2c1e4fa0:   0000000000000000 0000000000000036
0x0000717e2c1e4fb0:   0000717db81ac410 0000717e40043720
0x0000717e2c1e4fc0:   0000717d00000001 0000717db8231b78
0x0000717e2c1e4fd0:   0000717db80037c8 0000717db81cece0
0x0000717e2c1e4fe0:   0000717db8231b78 0000717db81ce640
0x0000717e2c1e4ff0:   0000717db81af838 0000717e2c1e51c0
0x0000717e2c1e5000:   0000717e2c1e50b0 0000717e45b674a3
0x0000717e2c1e5010:   0000717e2c1e5050 0000000000000009
0x0000717e2c1e5020:   0000000000000000 0000717e00000002
0x0000717e2c1e5030:   0000717e2c1e6a00 00000000000000b6
0x0000717e2c1e5040:   0000717e4652277d fffffffc000151c0
0x0000717e2c1e5050:   0000717db81af918 0000717e4614a7ac
0x0000717e2c1e5060:   0000717e2c1e5090 0000717e460d41f7 

Instructions: (pc=0x0000717e460d8c74)
0x0000717e460d8b74:   49 8b 04 24 ff 50 08 41 8b 54 24 1c 4d 8b af 98
0x0000717e460d8b84:   02 00 00 89 c0 48 8d 34 d0 49 8b 87 a0 02 00 00
0x0000717e460d8b94:   4c 29 e8 48 39 c6 0f 87 c0 01 00 00 4c 01 ee 49
0x0000717e460d8ba4:   89 b7 98 02 00 00 89 da 48 8d 4a 07 48 89 ce 48
0x0000717e460d8bb4:   c1 ee 03 48 8d 46 ff 74 5c 49 8d 7c 24 08 49 39
0x0000717e460d8bc4:   fd 0f 84 35 03 00 00 48 83 f8 02 0f 86 2b 03 00
0x0000717e460d8bd4:   00 48 c1 e9 04 31 c0 48 89 cf 48 c1 e7 04 66 0f
0x0000717e460d8be4:   1f 44 00 00 f3 41 0f 6f 04 04 41 0f 11 44 05 00
0x0000717e460d8bf4:   48 83 c0 10 48 39 f8 75 eb 4c 8d 04 09 48 c1 e1
0x0000717e460d8c04:   04 49 8d 7c 0d 00 49 8d 04 0c 4c 39 c6 74 06 48
0x0000717e460d8c14:   8b 00 48 89 07 4c 01 ea 49 c7 45 10 ff ff ff ff
0x0000717e460d8c24:   45 31 f6 49 89 55 08 49 c7 45 20 00 00 00 00 41
0x0000717e460d8c34:   8b 44 24 1c 85 c0 75 08 eb 45 66 90 49 8b 55 08
0x0000717e460d8c44:   49 8b 4c 24 08 44 89 f0 48 8b 1c c1 48 89 1c c2
0x0000717e460d8c54:   48 85 db 74 1f 48 8b 43 10 48 85 c0 74 16 8b 73
0x0000717e460d8c64:   20 3b 73 24 0f 84 da 00 00 00 8d 56 01 89 53 20
0x0000717e460d8c74:   4c 89 2c f0 41 83 c6 01 45 3b 74 24 1c 72 bd 41
0x0000717e460d8c84:   8b 44 24 30 a8 08 0f 85 30 02 00 00 f6 c4 20 74
0x0000717e460d8c94:   1b 49 8b 54 24 08 48 83 3a 00 74 10 4c 89 ee 4c
0x0000717e460d8ca4:   89 ff e8 d5 87 99 ff 41 8b 44 24 30 f6 c4 80 74
0x0000717e460d8cb4:   08 41 81 65 30 ff 7f ff ff 48 8d 05 ec ee 84 00
0x0000717e460d8cc4:   48 8d 15 45 12 7e ff 48 8b 00 48 8b 78 28 48 8b
0x0000717e460d8cd4:   07 48 8b 80 b0 00 00 00 48 39 d0 0f 85 0b 02 00
0x0000717e460d8ce4:   00 41 8b 87 50 02 00 00 4c 89 ee 4c 89 ff 8d 50
0x0000717e460d8cf4:   01 41 89 97 50 02 00 00 4c 89 e2 41 89 45 28 e8
0x0000717e460d8d04:   38 9b 99 ff 41 8b 44 24 2c 83 e0 03 83 f8 02 0f
0x0000717e460d8d14:   84 57 01 00 00 41 8b 45 2c 89 c2 83 e2 07 83 fa
0x0000717e460d8d24:   07 74 59 83 e0 03 83 f8 03 0f 84 a6 00 00 00 48
0x0000717e460d8d34:   83 c4 08 4c 89 e8 5b 41 5c 41 5d 41 5e 41 5f 5d
0x0000717e460d8d44:   c3 0f 1f 00 48 89 df e8 30 b4 ff ff 48 8b 43 10
0x0000717e460d8d54:   8b 73 20 e9 12 ff ff ff 0f 1f 40 00 49 8d bf 80
0x0000717e460d8d64:   02 00 00 31 d2 e8 b2 ce 76 ff 49 89 c5 e9 34 fe 


Stack slot to memory mapping:

stack at sp + 0 slots: 0x0000717e2c1e4f48 is pointing into the stack for thread: 0x0000717e4017c850
stack at sp + 1 slots: 0x0000717e2c1e4f70 is pointing into the stack for thread: 0x0000717e4017c850
stack at sp + 2 slots: 0x000000000000078f is an unknown value
stack at sp + 3 slots: 0x0000717e4021c8a0 points into unknown readable memory: 0x0000717e468e9bc0 | c0 9b 8e 46 7e 71 00 00
stack at sp + 4 slots: 0x0000717db80230e8 points into unknown readable memory: 0x0000717e46835630 | 30 56 83 46 7e 71 00 00
stack at sp + 5 slots: 0x0000717dbc174990 points into unknown readable memory: 0x0000717e2c1e6c00 | 00 6c 1e 2c 7e 71 00 00
stack at sp + 6 slots: 0x0000717e2c1e4ee0 is pointing into the stack for thread: 0x0000717e4017c850
stack at sp + 7 slots: 0x0000717e45c90ee6: <offset 0x0000000000890ee6> in /home/shuayb/.antigravity/extensions/redhat.java-1.54.0-linux-x64/jre/21.0.10-linux-x86_64/lib/server/libjvm.so at 0x0000717e45400000


---------------  P R O C E S S  ---------------

Threads class SMR info:
_java_thread_list=0x0000717dbc0d36f0, length=11, elements={
0x0000717e4002abd0, 0x0000717e40175520, 0x0000717e40176a60, 0x0000717e401781c0,
0x0000717e401797d0, 0x0000717e4017ad40, 0x0000717e4017c850, 0x0000717e4017dee0,
0x0000717e401cb4a0, 0x0000717e40245180, 0x0000717dbc0d25a0
}

Java Threads: ( => current thread )
  0x0000717e4002abd0 JavaThread "main"                              [_thread_in_Java, id=30443, stack(0x0000717e45300000,0x0000717e45400000) (1024K)]
  0x0000717e40175520 JavaThread "Reference Handler"          daemon [_thread_blocked, id=30447, stack(0x0000717e2c5e9000,0x0000717e2c6e9000) (1024K)]
  0x0000717e40176a60 JavaThread "Finalizer"                  daemon [_thread_blocked, id=30448, stack(0x0000717e2c4e9000,0x0000717e2c5e9000) (1024K)]
  0x0000717e401781c0 JavaThread "Signal Dispatcher"          daemon [_thread_blocked, id=30449, stack(0x0000717e2c3e9000,0x0000717e2c4e9000) (1024K)]
  0x0000717e401797d0 JavaThread "Service Thread"             daemon [_thread_blocked, id=30450, stack(0x0000717e2c2e9000,0x0000717e2c3e9000) (1024K)]
  0x0000717e4017ad40 JavaThread "Monitor Deflation Thread"   daemon [_thread_blocked, id=30451, stack(0x0000717e2c1e9000,0x0000717e2c2e9000) (1024K)]
=>0x0000717e4017c850 JavaThread "C2 CompilerThread0"         daemon [_thread_in_native, id=30452, stack(0x0000717e2c0e9000,0x0000717e2c1e9000) (1024K)]
  0x0000717e4017dee0 JavaThread "C1 CompilerThread0"         daemon [_thread_blocked, id=30453, stack(0x0000717de2900000,0x0000717de2a00000) (1024K)]
  0x0000717e401cb4a0 JavaThread "Common-Cleaner"             daemon [_thread_blocked, id=30465, stack(0x0000717de2700000,0x0000717de2800000) (1024K)]
  0x0000717e40245180 JavaThread "Notification Thread"        daemon [_thread_blocked, id=30471, stack(0x0000717de2800000,0x0000717de2900000) (1024K)]
  0x0000717dbc0d25a0 JavaThread "C2 CompilerThread1"         daemon [_thread_in_vm, id=30472, stack(0x0000717de2600000,0x0000717de2700000) (1024K)]
Total: 11

Other Threads:
  0x0000717e4016c160 VMThread "VM Thread"                           [id=30446, stack(0x0000717e2c6ea000,0x0000717e2c7ea000) (1024K)]
  0x0000717e40052780 WatcherThread "VM Periodic Task Thread"        [id=30445, stack(0x0000717e44300000,0x0000717e44400000) (1024K)]
  0x0000717e400437c0 WorkerThread "GC Thread#0"                     [id=30444, stack(0x0000717e44c29000,0x0000717e44d29000) (1024K)]
Total: 3

Threads with active compile tasks:
C2 CompilerThread0  1195  653       4       lombok.patcher.scripts.MethodLevelPatchScript::patch (21 bytes)
C2 CompilerThread1  1196  696       4       java.util.HashSet::iterator (13 bytes)
Total: 2

VM state: not at safepoint (normal execution)

VM Mutex/Monitor currently owned by a thread: None

Heap address: 0x0000000080000000, size: 2048 MB, Compressed Oops mode: 32-bit

CDS archive(s) mapped at: [0x0000717de3000000-0x0000717de3bbb000-0x0000717de3bbb000), size 12300288, SharedBaseAddress: 0x0000717de3000000, ArchiveRelocationMode: 1.
Compressed class space mapped at: 0x0000717de4000000-0x0000717e24000000, reserved size: 1073741824
Narrow klass base: 0x0000717de3000000, Narrow klass shift: 0, Narrow klass range: 0x100000000

GC Precious Log:
 CardTable entry size: 512
 CPUs: 8 total, 8 available
 Memory: 15799M
 Large Page Support: Disabled
 NUMA Support: Disabled
 Compressed Oops: Enabled (32-bit)
 Alignments: Space 512K, Generation 512K, Heap 2M
 Heap Min Capacity: 100M
 Heap Initial Capacity: 100M
 Heap Max Capacity: 2G
 Pre-touch: Disabled
 Parallel Workers: 8

Heap:
 PSYoungGen      total 29696K, used 15197K [0x00000000d5580000, 0x00000000d7680000, 0x0000000100000000)
  eden space 25600K, 59% used [0x00000000d5580000,0x00000000d6457730,0x00000000d6e80000)
  from space 4096K, 0% used [0x00000000d7280000,0x00000000d7280000,0x00000000d7680000)
  to   space 4096K, 0% used [0x00000000d6e80000,0x00000000d6e80000,0x00000000d7280000)
 ParOldGen       total 68608K, used 1066K [0x0000000080000000, 0x0000000084300000, 0x00000000d5580000)
  object space 68608K, 1% used [0x0000000080000000,0x000000008010aa70,0x0000000084300000)
 Metaspace       used 3077K, committed 3264K, reserved 1114112K
  class space    used 317K, committed 448K, reserved 1048576K

Card table byte_map: [0x0000717e44d29000,0x0000717e4512a000] _byte_map_base: 0x0000717e44929000

Marking Bits: (ParMarkBitMap*) 0x0000717e4695a140
 Begin Bits: [0x0000717e24000000, 0x0000717e26000000)
 End Bits:   [0x0000717e26000000, 0x0000717e28000000)

Polling page: 0x0000717e46dee000

Metaspace:

Usage:
  Non-class:      2.70 MB used.
      Class:    317.19 KB used.
       Both:      3.01 MB used.

Virtual space:
  Non-class space:       64.00 MB reserved,       2.75 MB (  4%) committed,  1 nodes.
      Class space:        1.00 GB reserved,     448.00 KB ( <1%) committed,  1 nodes.
             Both:        1.06 GB reserved,       3.19 MB ( <1%) committed. 

Chunk freelists:
   Non-Class:  11.57 MB
       Class:  15.54 MB
        Both:  27.11 MB

MaxMetaspaceSize: unlimited
CompressedClassSpaceSize: 1.00 GB
Initial GC threshold: 21.00 MB
Current GC threshold: 21.00 MB
CDS: on
 - commit_granule_bytes: 65536.
 - commit_granule_words: 8192.
 - virtual_space_node_default_size: 8388608.
 - enlarge_chunks_in_place: 1.
 - use_allocation_guard: 0.


Internal statistics:

num_allocs_failed_limit: 0.
num_arena_births: 84.
num_arena_deaths: 0.
num_vsnodes_births: 2.
num_vsnodes_deaths: 0.
num_space_committed: 51.
num_space_uncommitted: 0.
num_chunks_returned_to_freelist: 0.
num_chunks_taken_from_freelist: 113.
num_chunk_merges: 0.
num_chunk_splits: 77.
num_chunks_enlarged: 48.
num_inconsistent_stats: 0.

CodeHeap 'non-profiled nmethods': size=120028Kb used=266Kb max_used=266Kb free=119761Kb
 bounds [0x0000717e358c9000, 0x0000717e35b39000, 0x0000717e3ce00000]
CodeHeap 'profiled nmethods': size=120028Kb used=1087Kb max_used=1087Kb free=118940Kb
 bounds [0x0000717e2de00000, 0x0000717e2e070000, 0x0000717e35337000]
CodeHeap 'non-nmethods': size=5704Kb used=1178Kb max_used=1202Kb free=4526Kb
 bounds [0x0000717e35337000, 0x0000717e355a7000, 0x0000717e358c9000]
CodeCache: size=245760Kb, used=2531Kb, max_used=2555Kb, free=243227Kb
 total_blobs=1161, nmethods=720, adapters=349, full_count=0
Compilation: enabled, stopped_count=0, restarted_count=0

Compilation events (20 events):
Event: 1.025 Thread 0x0000717e4017dee0 nmethod 683 0x0000717e2deeed90 code [0x0000717e2deeef80, 0x0000717e2deef6a8]
Event: 1.027 Thread 0x0000717e4017dee0  684       3       java.lang.invoke.VarForm::getMemberName (38 bytes)
Event: 1.028 Thread 0x0000717e4017c850 nmethod 668% 0x0000717e35904c90 code [0x0000717e35904e20, 0x0000717e35905030]
Event: 1.028 Thread 0x0000717e4017dee0 nmethod 684 0x0000717e2deef910 code [0x0000717e2deefae0, 0x0000717e2deefe18]
Event: 1.028 Thread 0x0000717e4017dee0  685       3       java.lang.invoke.VarHandleByteArrayAsInts$ArrayHandle::index (12 bytes)
Event: 1.028 Thread 0x0000717e4017c850  687       4       java.math.BigInteger::implMulAdd (81 bytes)
Event: 1.028 Thread 0x0000717e4017dee0 nmethod 685 0x0000717e2def0010 code [0x0000717e2def01a0, 0x0000717e2def02e0]
Event: 1.028 Thread 0x0000717e4017dee0  686       3       java.lang.Integer::reverseBytes (28 bytes)
Event: 1.028 Thread 0x0000717e4017dee0 nmethod 686 0x0000717e2def0410 code [0x0000717e2def05a0, 0x0000717e2def06b0]
Event: 1.028 Thread 0x0000717e4017dee0  681       1       java.lang.invoke.MethodHandleImpl::isCompileConstant (2 bytes)
Event: 1.028 Thread 0x0000717e4017dee0 nmethod 681 0x0000717e35905190 code [0x0000717e35905320, 0x0000717e359053c0]
Event: 1.040 Thread 0x0000717e4017dee0  691   !   3       java.lang.String::<init> (880 bytes)
Event: 1.040 Thread 0x0000717e4017c850 nmethod 687 0x0000717e35905490 code [0x0000717e35905620, 0x0000717e35905878]
Event: 1.040 Thread 0x0000717e4017c850  662       4       java.lang.Integer::rotateRight (9 bytes)
Event: 1.044 Thread 0x0000717e4017c850 nmethod 662 0x0000717e35905990 code [0x0000717e35905b00, 0x0000717e35905b70]
Event: 1.044 Thread 0x0000717e4017c850  653       4       lombok.patcher.scripts.MethodLevelPatchScript::patch (21 bytes)
Event: 1.052 Thread 0x0000717e4017dee0 nmethod 691 0x0000717e2def0710 code [0x0000717e2def10c0, 0x0000717e2def6990]
Event: 1.052 Thread 0x0000717e4017dee0  693       3       jdk.internal.misc.Unsafe::getIntUnaligned (12 bytes)
Event: 1.052 Thread 0x0000717e4017dee0 nmethod 693 0x0000717e2def8910 code [0x0000717e2def8ac0, 0x0000717e2def8d10]
Event: 1.052 Thread 0x0000717e4017dee0  694       3       java.lang.invoke.VarHandleGuards::guard_LI_I (78 bytes)

GC Heap History (0 events):
No events

Dll operation events (7 events):
Event: 0.008 Loaded shared library /home/shuayb/.antigravity/extensions/redhat.java-1.54.0-linux-x64/jre/21.0.10-linux-x86_64/lib/libjava.so
Event: 0.191 Loaded shared library /home/shuayb/.antigravity/extensions/redhat.java-1.54.0-linux-x64/jre/21.0.10-linux-x86_64/lib/libzip.so
Event: 0.330 Loaded shared library /home/shuayb/.antigravity/extensions/redhat.java-1.54.0-linux-x64/jre/21.0.10-linux-x86_64/lib/libinstrument.so
Event: 0.342 Loaded shared library /home/shuayb/.antigravity/extensions/redhat.java-1.54.0-linux-x64/jre/21.0.10-linux-x86_64/lib/libnio.so
Event: 0.347 Loaded shared library /home/shuayb/.antigravity/extensions/redhat.java-1.54.0-linux-x64/jre/21.0.10-linux-x86_64/lib/libzip.so
Event: 0.420 Loaded shared library /home/shuayb/.antigravity/extensions/redhat.java-1.54.0-linux-x64/jre/21.0.10-linux-x86_64/lib/libjimage.so
Event: 0.601 Loaded shared library /home/shuayb/.antigravity/extensions/redhat.java-1.54.0-linux-x64/jre/21.0.10-linux-x86_64/lib/libverify.so

Deoptimization events (20 events):
Event: 1.032 Thread 0x0000717e4002abd0 DEOPT PACKING pc=0x0000717e2dee6484 sp=0x0000717e453fce70
Event: 1.032 Thread 0x0000717e4002abd0 DEOPT UNPACKING pc=0x0000717e3538ab2f sp=0x0000717e453fc2e8 mode 0
Event: 1.032 Thread 0x0000717e4002abd0 DEOPT PACKING pc=0x0000717e2dee6484 sp=0x0000717e453fcef0
Event: 1.032 Thread 0x0000717e4002abd0 DEOPT UNPACKING pc=0x0000717e3538ab2f sp=0x0000717e453fc368 mode 0
Event: 1.032 Thread 0x0000717e4002abd0 DEOPT PACKING pc=0x0000717e2dee6484 sp=0x0000717e453fcef0
Event: 1.032 Thread 0x0000717e4002abd0 DEOPT UNPACKING pc=0x0000717e3538ab2f sp=0x0000717e453fc368 mode 0
Event: 1.033 Thread 0x0000717e4002abd0 DEOPT PACKING pc=0x0000717e2dee6484 sp=0x0000717e453fce70
Event: 1.033 Thread 0x0000717e4002abd0 DEOPT UNPACKING pc=0x0000717e3538ab2f sp=0x0000717e453fc2e8 mode 0
Event: 1.033 Thread 0x0000717e4002abd0 DEOPT PACKING pc=0x0000717e2dee6484 sp=0x0000717e453fcef0
Event: 1.033 Thread 0x0000717e4002abd0 DEOPT UNPACKING pc=0x0000717e3538ab2f sp=0x0000717e453fc368 mode 0
Event: 1.033 Thread 0x0000717e4002abd0 DEOPT PACKING pc=0x0000717e2dee6484 sp=0x0000717e453fcef0
Event: 1.033 Thread 0x0000717e4002abd0 DEOPT UNPACKING pc=0x0000717e3538ab2f sp=0x0000717e453fc368 mode 0
Event: 1.036 Thread 0x0000717e4002abd0 DEOPT PACKING pc=0x0000717e2dee6484 sp=0x0000717e453fcee0
Event: 1.036 Thread 0x0000717e4002abd0 DEOPT UNPACKING pc=0x0000717e3538ab2f sp=0x0000717e453fc358 mode 0
Event: 1.036 Thread 0x0000717e4002abd0 DEOPT PACKING pc=0x0000717e2dee6484 sp=0x0000717e453fcee0
Event: 1.036 Thread 0x0000717e4002abd0 DEOPT UNPACKING pc=0x0000717e3538ab2f sp=0x0000717e453fc358 mode 0
Event: 1.036 Thread 0x0000717e4002abd0 DEOPT PACKING pc=0x0000717e2dee6484 sp=0x0000717e453fd000
Event: 1.036 Thread 0x0000717e4002abd0 DEOPT UNPACKING pc=0x0000717e3538ab2f sp=0x0000717e453fc478 mode 0
Event: 1.036 Thread 0x0000717e4002abd0 DEOPT PACKING pc=0x0000717e2dee6484 sp=0x0000717e453fd000
Event: 1.036 Thread 0x0000717e4002abd0 DEOPT UNPACKING pc=0x0000717e3538ab2f sp=0x0000717e453fc478 mode 0

Classes loaded (20 events):
Event: 1.039 Loading class sun/security/util/ConstraintsParameters
Event: 1.039 Loading class sun/security/util/ConstraintsParameters done
Event: 1.039 Loading class sun/security/util/JarConstraintsParameters done
Event: 1.042 Loading class java/security/interfaces/ECKey
Event: 1.042 Loading class java/security/interfaces/ECKey done
Event: 1.042 Loading class java/security/interfaces/XECKey
Event: 1.042 Loading class java/security/interfaces/XECKey done
Event: 1.042 Loading class sun/security/util/KeyUtil
Event: 1.043 Loading class sun/security/util/KeyUtil done
Event: 1.043 Loading class sun/security/util/Length
Event: 1.043 Loading class sun/security/util/Length done
Event: 1.043 Loading class javax/crypto/SecretKey
Event: 1.043 Loading class javax/crypto/SecretKey done
Event: 1.050 Loading class java/util/Base64
Event: 1.051 Loading class java/util/Base64 done
Event: 1.051 Loading class java/util/Base64$Decoder
Event: 1.051 Loading class java/util/Base64$Decoder done
Event: 1.051 Loading class java/util/Base64$Encoder
Event: 1.051 Loading class java/util/Base64$Encoder done
Event: 1.052 Loading class java/util/jar/JarVerifier$VerifierStream

Classes unloaded (0 events):
No events

Classes redefined (0 events):
No events

Internal exceptions (13 events):
Event: 0.177 Thread 0x0000717e4002abd0 Exception <a 'java/lang/NoSuchMethodError'{0x00000000d55e24d8}: 'void java.lang.invoke.DirectMethodHandle$Holder.invokeStatic(java.lang.Object, java.lang.Object, java.lang.Object)'> (0x00000000d55e24d8) 
thrown [src/hotspot/share/interpreter/linkResolver.cpp, line 772]
Event: 0.379 Thread 0x0000717e4002abd0 Implicit null exception at 0x0000717e358d5169 to 0x0000717e358d52c8
Event: 0.405 Thread 0x0000717e4002abd0 Exception <a 'java/lang/NoSuchMethodError'{0x00000000d58bcbc0}: 'java.lang.Object java.lang.invoke.Invokers$Holder.invokeExact_MT(java.lang.Object, java.lang.Object, java.lang.Object, java.lang.Object, java.lang.Object)'> (0x00000000d58bcbc0) 
thrown [src/hotspot/share/interpreter/linkResolver.cpp, line 772]
Event: 0.501 Thread 0x0000717e4002abd0 Exception <a 'java/lang/NoSuchMethodError'{0x00000000d596fbf0}: 'int java.lang.invoke.DirectMethodHandle$Holder.invokeSpecial(java.lang.Object, java.lang.Object, java.lang.Object, int)'> (0x00000000d596fbf0) 
thrown [src/hotspot/share/interpreter/linkResolver.cpp, line 772]
Event: 0.512 Thread 0x0000717e4002abd0 Exception <a 'java/lang/NoSuchMethodError'{0x00000000d5982a38}: 'java.lang.Object java.lang.invoke.DirectMethodHandle$Holder.invokeStatic(java.lang.Object, java.lang.Object, java.lang.Object, java.lang.Object, int)'> (0x00000000d5982a38) 
thrown [src/hotspot/share/interpreter/linkResolver.cpp, line 772]
Event: 0.523 Thread 0x0000717e4002abd0 Exception <a 'java/lang/NoSuchMethodError'{0x00000000d598de78}: 'void java.lang.invoke.DelegatingMethodHandle$Holder.reinvoke_L(java.lang.Object, java.lang.Object, java.lang.Object, int, java.lang.Object)'> (0x00000000d598de78) 
thrown [src/hotspot/share/interpreter/linkResolver.cpp, line 772]
Event: 0.529 Thread 0x0000717e4002abd0 Exception <a 'java/lang/NoSuchMethodError'{0x00000000d599e688}: 'int java.lang.invoke.DirectMethodHandle$Holder.invokeSpecial(java.lang.Object, java.lang.Object, java.lang.Object)'> (0x00000000d599e688) 
thrown [src/hotspot/share/interpreter/linkResolver.cpp, line 772]
Event: 0.536 Thread 0x0000717e4002abd0 Exception <a 'java/lang/NoSuchMethodError'{0x00000000d59a9a50}: 'java.lang.Object java.lang.invoke.DirectMethodHandle$Holder.invokeStatic(java.lang.Object, java.lang.Object, int)'> (0x00000000d59a9a50) 
thrown [src/hotspot/share/interpreter/linkResolver.cpp, line 772]
Event: 0.539 Thread 0x0000717e4002abd0 Exception <a 'java/lang/NoSuchMethodError'{0x00000000d59ae368}: 'void java.lang.invoke.DirectMethodHandle$Holder.invokeStatic(java.lang.Object, java.lang.Object, int, java.lang.Object)'> (0x00000000d59ae368) 
thrown [src/hotspot/share/interpreter/linkResolver.cpp, line 772]
Event: 0.541 Thread 0x0000717e4002abd0 Exception <a 'java/lang/NoSuchMethodError'{0x00000000d59b1ef8}: 'void java.lang.invoke.DirectMethodHandle$Holder.invokeSpecial(java.lang.Object, java.lang.Object, java.lang.Object, int, java.lang.Object)'> (0x00000000d59b1ef8) 
thrown [src/hotspot/share/interpreter/linkResolver.cpp, line 772]
Event: 0.546 Thread 0x0000717e4002abd0 Exception <a 'java/lang/NoSuchMethodError'{0x00000000d59b5368}: 'void java.lang.invoke.DelegatingMethodHandle$Holder.delegate(java.lang.Object, java.lang.Object, int, java.lang.Object)'> (0x00000000d59b5368) 
thrown [src/hotspot/share/interpreter/linkResolver.cpp, line 772]
Event: 0.642 Thread 0x0000717e4002abd0 Exception <a 'java/lang/NoSuchMethodError'{0x00000000d5b6e568}: 'void java.lang.invoke.DelegatingMethodHandle$Holder.reinvoke_L(java.lang.Object, java.lang.Object, java.lang.Object, int)'> (0x00000000d5b6e568) 
thrown [src/hotspot/share/interpreter/linkResolver.cpp, line 772]
Event: 0.893 Thread 0x0000717e4002abd0 Exception <a 'java/lang/NoSuchMethodError'{0x00000000d6000950}: 'void java.lang.invoke.DirectMethodHandle$Holder.invokeVirtual(java.lang.Object, java.lang.Object)'> (0x00000000d6000950) 
thrown [src/hotspot/share/interpreter/linkResolver.cpp, line 772]

ZGC Phase Switch (0 events):
No events

VM Operations (8 events):
Event: 0.189 Executing non-safepoint VM operation: HandshakeAllThreads (Deoptimize)
Event: 0.189 Executing non-safepoint VM operation: HandshakeAllThreads (Deoptimize) done
Event: 0.462 Executing non-safepoint VM operation: HandshakeAllThreads (Deoptimize)
Event: 0.462 Executing non-safepoint VM operation: HandshakeAllThreads (Deoptimize) done
Event: 1.044 Executing non-safepoint VM operation: HandshakeAllThreads (Deoptimize)
Event: 1.044 Executing non-safepoint VM operation: HandshakeAllThreads (Deoptimize) done
Event: 1.044 Executing safepoint VM operation: Cleanup
Event: 1.044 Executing safepoint VM operation: Cleanup done

Memory protections (12 events):
Event: 0.008 Protecting memory [0x0000717e45300000,0x0000717e45304000] with protection modes 0
Event: 0.047 Protecting memory [0x0000717e2c5e9000,0x0000717e2c5ed000] with protection modes 0
Event: 0.048 Protecting memory [0x0000717e2c4e9000,0x0000717e2c4ed000] with protection modes 0
Event: 0.048 Protecting memory [0x0000717e2c3e9000,0x0000717e2c3ed000] with protection modes 0
Event: 0.049 Protecting memory [0x0000717e2c2e9000,0x0000717e2c2ed000] with protection modes 0
Event: 0.050 Protecting memory [0x0000717e2c1e9000,0x0000717e2c1ed000] with protection modes 0
Event: 0.050 Protecting memory [0x0000717e2c0e9000,0x0000717e2c0ed000] with protection modes 0
Event: 0.053 Protecting memory [0x0000717de2900000,0x0000717de2904000] with protection modes 0
Event: 0.272 Protecting memory [0x0000717de2800000,0x0000717de2804000] with protection modes 0
Event: 0.339 Protecting memory [0x0000717de2700000,0x0000717de2704000] with protection modes 0
Event: 0.799 Protecting memory [0x0000717de2800000,0x0000717de2804000] with protection modes 0
Event: 0.912 Protecting memory [0x0000717de2600000,0x0000717de2604000] with protection modes 0

Nmethod flushes (0 events):
No events

Events (13 events):
Event: 0.030 Thread 0x0000717e4002abd0 Thread added: 0x0000717e4002abd0
Event: 0.047 Thread 0x0000717e4002abd0 Thread added: 0x0000717e40175520
Event: 0.047 Thread 0x0000717e4002abd0 Thread added: 0x0000717e40176a60
Event: 0.048 Thread 0x0000717e4002abd0 Thread added: 0x0000717e401781c0
Event: 0.049 Thread 0x0000717e4002abd0 Thread added: 0x0000717e401797d0
Event: 0.050 Thread 0x0000717e4002abd0 Thread added: 0x0000717e4017ad40
Event: 0.050 Thread 0x0000717e4002abd0 Thread added: 0x0000717e4017c850
Event: 0.053 Thread 0x0000717e4002abd0 Thread added: 0x0000717e4017dee0
Event: 0.271 Thread 0x0000717e4017c850 Thread added: 0x0000717db80b7210
Event: 0.337 Thread 0x0000717e4002abd0 Thread added: 0x0000717e401cb4a0
Event: 0.788 Thread 0x0000717db80b7210 Thread exited: 0x0000717db80b7210
Event: 0.799 Thread 0x0000717e4002abd0 Thread added: 0x0000717e40245180
Event: 0.912 Thread 0x0000717e4017dee0 Thread added: 0x0000717dbc0d25a0


Dynamic libraries:
80000000-84300000 rw-p 00000000 00:00 0 
84300000-d5580000 ---p 00000000 00:00 0 
d5580000-d7680000 rw-p 00000000 00:00 0 
d7680000-100000000 ---p 00000000 00:00 0 
5a4ee9c9b000-5a4ee9c9c000 r-xp 00000000 08:02 9856485                    /home/shuayb/.antigravity/extensions/redhat.java-1.54.0-linux-x64/jre/21.0.10-linux-x86_64/bin/java
5a4ee9c9d000-5a4ee9c9e000 r--p 00001000 08:02 9856485                    /home/shuayb/.antigravity/extensions/redhat.java-1.54.0-linux-x64/jre/21.0.10-linux-x86_64/bin/java
5a4ee9c9e000-5a4ee9c9f000 rw-p 00002000 08:02 9856485                    /home/shuayb/.antigravity/extensions/redhat.java-1.54.0-linux-x64/jre/21.0.10-linux-x86_64/bin/java
5a4f0ae25000-5a4f0ae6c000 rw-p 00000000 00:00 0                          [heap]
717da8000000-717da823f000 rw-p 00000000 00:00 0 
717da823f000-717dac000000 ---p 00000000 00:00 0 
717db0000000-717db0050000 rw-p 00000000 00:00 0 
717db0050000-717db4000000 ---p 00000000 00:00 0 
717db4000000-717db4021000 rw-p 00000000 00:00 0 
717db4021000-717db8000000 ---p 00000000 00:00 0 
717db8000000-717db825f000 rw-p 00000000 00:00 0 
717db825f000-717dbc000000 ---p 00000000 00:00 0 
717dbc000000-717dbc275000 rw-p 00000000 00:00 0 
717dbc275000-717dc0000000 ---p 00000000 00:00 0 
717dc0000000-717dc0021000 rw-p 00000000 00:00 0 
717dc0021000-717dc4000000 ---p 00000000 00:00 0 
717dc4000000-717dc4021000 rw-p 00000000 00:00 0 
717dc4021000-717dc8000000 ---p 00000000 00:00 0 
717dc8000000-717dc8021000 rw-p 00000000 00:00 0 
717dc8021000-717dcc000000 ---p 00000000 00:00 0 
717dcc000000-717dcc021000 rw-p 00000000 00:00 0 
717dcc021000-717dd0000000 ---p 00000000 00:00 0 
717dd0000000-717dd0021000 rw-p 00000000 00:00 0 
717dd0021000-717dd4000000 ---p 00000000 00:00 0 
717dd4000000-717dd4021000 rw-p 00000000 00:00 0 
717dd4021000-717dd8000000 ---p 00000000 00:00 0 
717dd8000000-717dd8250000 rw-p 00000000 00:00 0 
717dd8250000-717dd8400000 ---p 00000000 00:00 0 
717dd8400000-717dd8470000 rw-p 00000000 00:00 0 
717dd8470000-717ddc000000 ---p 00000000 00:00 0 
717ddc000000-717ddc021000 rw-p 00000000 00:00 0 
717ddc021000-717de0000000 ---p 00000000 00:00 0 
717de2194000-717de2600000 rw-p 00000000 00:00 0 
717de2600000-717de2604000 ---p 00000000 00:00 0 
717de2604000-717de2700000 rw-p 00000000 00:00 0 
717de2700000-717de2704000 ---p 00000000 00:00 0 
717de2704000-717de2800000 rw-p 00000000 00:00 0 
717de2800000-717de2804000 ---p 00000000 00:00 0 
717de2804000-717de2900000 rw-p 00000000 00:00 0 
717de2900000-717de2904000 ---p 00000000 00:00 0 
717de2904000-717de2a00000 rw-p 00000000 00:00 0 
717de2a00000-717de2f75000 r--p 00000000 08:02 26741137                   /usr/lib/locale/locale-archive
717de3000000-717de3bbb000 rw-p 00001000 08:02 9856519                    /home/shuayb/.antigravity/extensions/redhat.java-1.54.0-linux-x64/jre/21.0.10-linux-x86_64/lib/server/classes.jsa
717de3bbb000-717de4000000 ---p 00000000 00:00 0 
717de4000000-717de4030000 rw-p 00000000 00:00 0 
717de4030000-717de4040000 ---p 00000000 00:00 0 
717de4040000-717de4080000 rw-p 00000000 00:00 0 
717de4080000-717e24000000 ---p 00000000 00:00 0 
717e24000000-717e28021000 rw-p 00000000 00:00 0 
717e28021000-717e2c000000 ---p 00000000 00:00 0 
717e2c0e9000-717e2c0ed000 ---p 00000000 00:00 0 
717e2c0ed000-717e2c1e9000 rw-p 00000000 00:00 0 
717e2c1e9000-717e2c1ed000 ---p 00000000 00:00 0 
717e2c1ed000-717e2c2e9000 rw-p 00000000 00:00 0 
717e2c2e9000-717e2c2ed000 ---p 00000000 00:00 0 
717e2c2ed000-717e2c3e9000 rw-p 00000000 00:00 0 
717e2c3e9000-717e2c3ed000 ---p 00000000 00:00 0 
717e2c3ed000-717e2c4e9000 rw-p 00000000 00:00 0 
717e2c4e9000-717e2c4ed000 ---p 00000000 00:00 0 
717e2c4ed000-717e2c5e9000 rw-p 00000000 00:00 0 
717e2c5e9000-717e2c5ed000 ---p 00000000 00:00 0 
717e2c5ed000-717e2c6e9000 rw-p 00000000 00:00 0 
717e2c6e9000-717e2c6ea000 ---p 00000000 00:00 0 
717e2c6ea000-717e2c7ea000 rw-p 00000000 00:00 0 
717e2c7ea000-717e2de00000 rw-p 00000000 00:00 0 
717e2de00000-717e2e070000 rwxp 00000000 00:00 0 
717e2e070000-717e35337000 ---p 00000000 00:00 0 
717e35337000-717e355a7000 rwxp 00000000 00:00 0 
717e355a7000-717e358c9000 ---p 00000000 00:00 0 
717e358c9000-717e35b39000 rwxp 00000000 00:00 0 
717e35b39000-717e3ce00000 ---p 00000000 00:00 0 
717e3ce00000-717e3ffda000 r--s 00000000 08:02 9856406                    /home/shuayb/.antigravity/extensions/redhat.java-1.54.0-linux-x64/jre/21.0.10-linux-x86_64/lib/modules
717e40000000-717e402ba000 rw-p 00000000 00:00 0 
717e402ba000-717e44000000 ---p 00000000 00:00 0 
717e440fd000-717e442ff000 rw-p 00000000 00:00 0 
717e442ff000-717e44300000 ---p 00000000 00:00 0 
717e44300000-717e44400000 rw-p 00000000 00:00 0 
717e44400000-717e44800000 rw-p 00000000 00:00 0 
717e448cf000-717e448d6000 r--s 00000000 08:02 26767246                   /usr/lib/x86_64-linux-gnu/gconv/gconv-modules.cache
717e448d6000-717e448e3000 r-xp 00000000 08:02 9856408                    /home/shuayb/.antigravity/extensions/redhat.java-1.54.0-linux-x64/jre/21.0.10-linux-x86_64/lib/libverify.so
717e448e3000-717e448e5000 r--p 0000c000 08:02 9856408                    /home/shuayb/.antigravity/extensions/redhat.java-1.54.0-linux-x64/jre/21.0.10-linux-x86_64/lib/libverify.so
717e448e5000-717e448e6000 rw-p 0000e000 08:02 9856408                    /home/shuayb/.antigravity/extensions/redhat.java-1.54.0-linux-x64/jre/21.0.10-linux-x86_64/lib/libverify.so
717e448e6000-717e448fa000 r-xp 00000000 08:02 9856415                    /home/shuayb/.antigravity/extensions/redhat.java-1.54.0-linux-x64/jre/21.0.10-linux-x86_64/lib/libnio.so
717e448fa000-717e448fb000 r--p 00013000 08:02 9856415                    /home/shuayb/.antigravity/extensions/redhat.java-1.54.0-linux-x64/jre/21.0.10-linux-x86_64/lib/libnio.so
717e448fb000-717e448fc000 rw-p 00014000 08:02 9856415                    /home/shuayb/.antigravity/extensions/redhat.java-1.54.0-linux-x64/jre/21.0.10-linux-x86_64/lib/libnio.so
717e448fc000-717e4499f000 rw-p 00000000 00:00 0 
717e4499f000-717e44c28000 ---p 00000000 00:00 0 
717e44c28000-717e44c29000 ---p 00000000 00:00 0 
717e44c29000-717e44d29000 rw-p 00000000 00:00 0 
717e44d29000-717e44d4b000 rw-p 00000000 00:00 0 
717e44d4b000-717e44fd3000 ---p 00000000 00:00 0 
717e44fd3000-717e44fe5000 rw-p 00000000 00:00 0 
717e44fe5000-717e4512a000 ---p 00000000 00:00 0 
717e4512a000-717e4512f000 rw-p 00000000 00:00 0 
717e4512f000-717e45215000 ---p 00000000 00:00 0 
717e45215000-717e4521a000 rw-p 00000000 00:00 0 
717e4521a000-717e45300000 ---p 00000000 00:00 0 
717e45300000-717e45304000 ---p 00000000 00:00 0 
717e45304000-717e45400000 rw-p 00000000 00:00 0 
717e45400000-717e4681d000 r-xp 00000000 08:02 9856516                    /home/shuayb/.antigravity/extensions/redhat.java-1.54.0-linux-x64/jre/21.0.10-linux-x86_64/lib/server/libjvm.so
717e4681d000-717e468f2000 r--p 0141c000 08:02 9856516                    /home/shuayb/.antigravity/extensions/redhat.java-1.54.0-linux-x64/jre/21.0.10-linux-x86_64/lib/server/libjvm.so
717e468f2000-717e46922000 rw-p 014f1000 08:02 9856516                    /home/shuayb/.antigravity/extensions/redhat.java-1.54.0-linux-x64/jre/21.0.10-linux-x86_64/lib/server/libjvm.so
717e46922000-717e46988000 rw-p 00000000 00:00 0 
717e46988000-717e469a3000 r-xp 00000000 08:02 9856407                    /home/shuayb/.antigravity/extensions/redhat.java-1.54.0-linux-x64/jre/21.0.10-linux-x86_64/lib/libzip.so
717e469a3000-717e469a4000 r--p 0001a000 08:02 9856407                    /home/shuayb/.antigravity/extensions/redhat.java-1.54.0-linux-x64/jre/21.0.10-linux-x86_64/lib/libzip.so
717e469a4000-717e469a5000 rw-p 0001b000 08:02 9856407                    /home/shuayb/.antigravity/extensions/redhat.java-1.54.0-linux-x64/jre/21.0.10-linux-x86_64/lib/libzip.so
717e469a5000-717e46a00000 rw-p 00000000 00:00 0 
717e46a00000-717e46a28000 r--p 00000000 08:02 26768140                   /usr/lib/x86_64-linux-gnu/libc.so.6
717e46a28000-717e46bb0000 r-xp 00028000 08:02 26768140                   /usr/lib/x86_64-linux-gnu/libc.so.6
717e46bb0000-717e46bff000 r--p 001b0000 08:02 26768140                   /usr/lib/x86_64-linux-gnu/libc.so.6
717e46bff000-717e46c03000 r--p 001fe000 08:02 26768140                   /usr/lib/x86_64-linux-gnu/libc.so.6
717e46c03000-717e46c05000 rw-p 00202000 08:02 26768140                   /usr/lib/x86_64-linux-gnu/libc.so.6
717e46c05000-717e46c12000 rw-p 00000000 00:00 0 
717e46c14000-717e46c20000 r-xp 00000000 08:02 9856416                    /home/shuayb/.antigravity/extensions/redhat.java-1.54.0-linux-x64/jre/21.0.10-linux-x86_64/lib/libnet.so
717e46c20000-717e46c21000 r--p 0000b000 08:02 9856416                    /home/shuayb/.antigravity/extensions/redhat.java-1.54.0-linux-x64/jre/21.0.10-linux-x86_64/lib/libnet.so
717e46c21000-717e46c22000 rw-p 0000c000 08:02 9856416                    /home/shuayb/.antigravity/extensions/redhat.java-1.54.0-linux-x64/jre/21.0.10-linux-x86_64/lib/libnet.so
717e46c22000-717e46c90000 rw-p 00000000 00:00 0 
717e46c90000-717e46c97000 ---p 00000000 00:00 0 
717e46c97000-717e46c9f000 rw-s 00000000 08:02 7764606                    /tmp/hsperfdata_shuayb/30442
717e46c9f000-717e46cc0000 r-xp 00000000 08:02 9856430                    /home/shuayb/.antigravity/extensions/redhat.java-1.54.0-linux-x64/jre/21.0.10-linux-x86_64/lib/libjava.so
717e46cc0000-717e46cc1000 r--p 00020000 08:02 9856430                    /home/shuayb/.antigravity/extensions/redhat.java-1.54.0-linux-x64/jre/21.0.10-linux-x86_64/lib/libjava.so
717e46cc1000-717e46cc2000 rw-p 00021000 08:02 9856430                    /home/shuayb/.antigravity/extensions/redhat.java-1.54.0-linux-x64/jre/21.0.10-linux-x86_64/lib/libjava.so
717e46cc2000-717e46cc3000 rw-p 00000000 00:00 0 
717e46cc3000-717e46cde000 r-xp 00000000 08:02 9856426                    /home/shuayb/.antigravity/extensions/redhat.java-1.54.0-linux-x64/jre/21.0.10-linux-x86_64/lib/libjimage.so
717e46cde000-717e46cdf000 ---p 0001b000 08:02 9856426                    /home/shuayb/.antigravity/extensions/redhat.java-1.54.0-linux-x64/jre/21.0.10-linux-x86_64/lib/libjimage.so
717e46cdf000-717e46ce1000 r--p 0001b000 08:02 9856426                    /home/shuayb/.antigravity/extensions/redhat.java-1.54.0-linux-x64/jre/21.0.10-linux-x86_64/lib/libjimage.so
717e46ce1000-717e46ce2000 rw-p 0001d000 08:02 9856426                    /home/shuayb/.antigravity/extensions/redhat.java-1.54.0-linux-x64/jre/21.0.10-linux-x86_64/lib/libjimage.so
717e46ce2000-717e46cf2000 r--p 00000000 08:02 26768147                   /usr/lib/x86_64-linux-gnu/libm.so.6
717e46cf2000-717e46d71000 r-xp 00010000 08:02 26768147                   /usr/lib/x86_64-linux-gnu/libm.so.6
717e46d71000-717e46dc9000 r--p 0008f000 08:02 26768147                   /usr/lib/x86_64-linux-gnu/libm.so.6
717e46dc9000-717e46dca000 r--p 000e7000 08:02 26768147                   /usr/lib/x86_64-linux-gnu/libm.so.6
717e46dca000-717e46dcb000 rw-p 000e8000 08:02 26768147                   /usr/lib/x86_64-linux-gnu/libm.so.6
717e46dcb000-717e46dcc000 r--p 00000000 08:02 26769521                   /usr/lib/x86_64-linux-gnu/librt.so.1
717e46dcc000-717e46dcd000 r-xp 00001000 08:02 26769521                   /usr/lib/x86_64-linux-gnu/librt.so.1
717e46dcd000-717e46dce000 r--p 00002000 08:02 26769521                   /usr/lib/x86_64-linux-gnu/librt.so.1
717e46dce000-717e46dcf000 r--p 00002000 08:02 26769521                   /usr/lib/x86_64-linux-gnu/librt.so.1
717e46dcf000-717e46dd0000 rw-p 00003000 08:02 26769521                   /usr/lib/x86_64-linux-gnu/librt.so.1
717e46dd0000-717e46dd2000 rw-p 00000000 00:00 0 
717e46dd2000-717e46dd3000 r--p 00000000 08:02 26768144                   /usr/lib/x86_64-linux-gnu/libdl.so.2
717e46dd3000-717e46dd4000 r-xp 00001000 08:02 26768144                   /usr/lib/x86_64-linux-gnu/libdl.so.2
717e46dd4000-717e46dd5000 r--p 00002000 08:02 26768144                   /usr/lib/x86_64-linux-gnu/libdl.so.2
717e46dd5000-717e46dd6000 r--p 00002000 08:02 26768144                   /usr/lib/x86_64-linux-gnu/libdl.so.2
717e46dd6000-717e46dd7000 rw-p 00003000 08:02 26768144                   /usr/lib/x86_64-linux-gnu/libdl.so.2
717e46dd7000-717e46dd8000 r--p 00000000 08:02 26769158                   /usr/lib/x86_64-linux-gnu/libpthread.so.0
717e46dd8000-717e46dd9000 r-xp 00001000 08:02 26769158                   /usr/lib/x86_64-linux-gnu/libpthread.so.0
717e46dd9000-717e46dda000 r--p 00002000 08:02 26769158                   /usr/lib/x86_64-linux-gnu/libpthread.so.0
717e46dda000-717e46ddb000 r--p 00002000 08:02 26769158                   /usr/lib/x86_64-linux-gnu/libpthread.so.0
717e46ddb000-717e46ddc000 rw-p 00003000 08:02 26769158                   /usr/lib/x86_64-linux-gnu/libpthread.so.0
717e46de1000-717e46deb000 r-xp 00000000 08:02 9856435                    /home/shuayb/.antigravity/extensions/redhat.java-1.54.0-linux-x64/jre/21.0.10-linux-x86_64/lib/libinstrument.so
717e46deb000-717e46dec000 ---p 0000a000 08:02 9856435                    /home/shuayb/.antigravity/extensions/redhat.java-1.54.0-linux-x64/jre/21.0.10-linux-x86_64/lib/libinstrument.so
717e46dec000-717e46ded000 r--p 0000a000 08:02 9856435                    /home/shuayb/.antigravity/extensions/redhat.java-1.54.0-linux-x64/jre/21.0.10-linux-x86_64/lib/libinstrument.so
717e46ded000-717e46dee000 rw-p 0000b000 08:02 9856435                    /home/shuayb/.antigravity/extensions/redhat.java-1.54.0-linux-x64/jre/21.0.10-linux-x86_64/lib/libinstrument.so
717e46dee000-717e46def000 ---p 00000000 00:00 0 
717e46def000-717e46df0000 r--p 00000000 00:00 0 
717e46df0000-717e46df1000 ---p 00000000 00:00 0 
717e46df1000-717e46e0a000 r-xp 00000000 08:02 9856425                    /home/shuayb/.antigravity/extensions/redhat.java-1.54.0-linux-x64/jre/21.0.10-linux-x86_64/lib/libjli.so
717e46e0a000-717e46e0b000 r--p 00018000 08:02 9856425                    /home/shuayb/.antigravity/extensions/redhat.java-1.54.0-linux-x64/jre/21.0.10-linux-x86_64/lib/libjli.so
717e46e0b000-717e46e0c000 rw-p 00019000 08:02 9856425                    /home/shuayb/.antigravity/extensions/redhat.java-1.54.0-linux-x64/jre/21.0.10-linux-x86_64/lib/libjli.so
717e46e0c000-717e46e0e000 rw-p 00000000 00:00 0 
717e46e0e000-717e46e12000 r--p 00000000 00:00 0                          [vvar]
717e46e12000-717e46e14000 r--p 00000000 00:00 0                          [vvar_vclock]
717e46e14000-717e46e16000 r-xp 00000000 00:00 0                          [vdso]
717e46e16000-717e46e17000 r--p 00000000 08:02 26767731                   /usr/lib/x86_64-linux-gnu/ld-linux-x86-64.so.2
717e46e17000-717e46e42000 r-xp 00001000 08:02 26767731                   /usr/lib/x86_64-linux-gnu/ld-linux-x86-64.so.2
717e46e42000-717e46e4c000 r--p 0002c000 08:02 26767731                   /usr/lib/x86_64-linux-gnu/ld-linux-x86-64.so.2
717e46e4c000-717e46e4e000 r--p 00036000 08:02 26767731                   /usr/lib/x86_64-linux-gnu/ld-linux-x86-64.so.2
717e46e4e000-717e46e50000 rw-p 00038000 08:02 26767731                   /usr/lib/x86_64-linux-gnu/ld-linux-x86-64.so.2
7fff4f558000-7fff4f57a000 rw-p 00000000 00:00 0                          [stack]
ffffffffff600000-ffffffffff601000 --xp 00000000 00:00 0                  [vsyscall]
Total number of mappings: 173

JVMTI agents:
/home/shuayb/.antigravity/extensions/redhat.java-1.54.0-linux-x64/lombok/lombok-1.18.39-4050.jar path:none, loaded, initialized, instrumentlib options:none


VM Arguments:
jvm_args: --add-modules=ALL-SYSTEM --add-opens=java.base/java.util=ALL-UNNAMED --add-opens=java.base/java.lang=ALL-UNNAMED --add-opens=java.base/sun.nio.fs=ALL-UNNAMED -Declipse.application=org.eclipse.jdt.ls.core.id1 -Dosgi.bundles.defaultStartLevel=4 -Declipse.product=org.eclipse.jdt.ls.core.product -Djava.import.generatesMetadataFilesAtProjectRoot=false -DDetectVMInstallationsJob.disabled=true -Dfile.encoding=utf8 -XX:+UseParallelGC -XX:GCTimeRatio=4 -XX:AdaptiveSizePolicyWeight=90 -Dsun.zip.disableMemoryMapping=true -Xmx2G -Xms100m -Xlog:disable -javaagent:/home/shuayb/.antigravity/extensions/redhat.java-1.54.0-linux-x64/lombok/lombok-1.18.39-4050.jar -XX:+HeapDumpOnOutOfMemoryError -XX:HeapDumpPath=/home/shuayb/.config/Antigravity/User/workspaceStorage/34019368f6606a09834831d70976d73f/redhat.java -Daether.dependencyCollector.impl=bf 
java_command: /home/shuayb/.antigravity/extensions/redhat.java-1.54.0-linux-x64/server/plugins/org.eclipse.equinox.launcher_1.7.100.v20251111-0406.jar -configuration /home/shuayb/.config/Antigravity/User/globalStorage/redhat.java/1.54.0/config_linux -data /home/shuayb/.config/Antigravity/User/workspaceStorage/34019368f6606a09834831d70976d73f/redhat.java/jdt_ws --pipe=/run/user/1000/lsp-da164ca7137d03a29d382339cbea04cc.sock
java_class_path (initial): /home/shuayb/.antigravity/extensions/redhat.java-1.54.0-linux-x64/server/plugins/org.eclipse.equinox.launcher_1.7.100.v20251111-0406.jar
Launcher Type: SUN_STANDARD

[Global flags]
    uintx AdaptiveSizePolicyWeight                 = 90                                        {product} {command line}
     intx CICompilerCount                          = 4                                         {product} {ergonomic}
    uintx GCTimeRatio                              = 4                                         {product} {command line}
     bool HeapDumpOnOutOfMemoryError               = true                                   {manageable} {command line}
    ccstr HeapDumpPath                             = /home/shuayb/.config/Antigravity/User/workspaceStorage/34019368f6606a09834831d70976d73f/redhat.java         {manageable} {command line}
   size_t InitialHeapSize                          = 104857600                                 {product} {command line}
   size_t MaxHeapSize                              = 2147483648                                {product} {command line}
   size_t MaxNewSize                               = 715653120                                 {product} {ergonomic}
   size_t MinHeapDeltaBytes                        = 524288                                    {product} {ergonomic}
   size_t MinHeapSize                              = 104857600                                 {product} {command line}
   size_t NewSize                                  = 34603008                                  {product} {ergonomic}
    uintx NonNMethodCodeHeapSize                   = 5839372                                {pd product} {ergonomic}
    uintx NonProfiledCodeHeapSize                  = 122909434                              {pd product} {ergonomic}
   size_t OldSize                                  = 70254592                                  {product} {ergonomic}
    uintx ProfiledCodeHeapSize                     = 122909434                              {pd product} {ergonomic}
    uintx ReservedCodeCacheSize                    = 251658240                              {pd product} {ergonomic}
     bool SegmentedCodeCache                       = true                                      {product} {ergonomic}
   size_t SoftMaxHeapSize                          = 2147483648                             {manageable} {ergonomic}
     bool UseCompressedOops                        = true                           {product lp64_product} {ergonomic}
     bool UseParallelGC                            = true                                      {product} {command line}

Logging:
Log output configuration:
 #0: stdout all=off uptime,level,tags foldmultilines=false
 #1: stderr all=off uptime,level,tags foldmultilines=false

Release file:
JAVA_VERSION="21.0.10"
MODULES="java.base java.compiler java.datatransfer java.xml java.prefs java.desktop java.instrument java.logging java.management java.security.sasl java.naming java.rmi java.management.rmi java.net.http java.scripting java.security.jgss java.transaction.xa java.sql java.sql.rowset java.xml.crypto java.se java.smartcardio jdk.accessibility jdk.internal.jvmstat jdk.attach jdk.charsets jdk.internal.opt jdk.zipfs jdk.compiler jdk.crypto.ec jdk.crypto.cryptoki jdk.dynalink jdk.internal.ed jdk.editpad jdk.hotspot.agent jdk.httpserver jdk.internal.le jdk.internal.vm.ci jdk.internal.vm.compiler jdk.internal.vm.compiler.management jdk.jartool jdk.javadoc jdk.jcmd jdk.management jdk.management.agent jdk.jconsole jdk.jdeps jdk.jdwp.agent jdk.jdi jdk.jfr jdk.jshell jdk.jsobject jdk.jstatd jdk.localedata jdk.management.jfr jdk.naming.dns jdk.naming.rmi jdk.net jdk.nio.mapmode jdk.random jdk.sctp jdk.security.auth jdk.security.jgss jdk.unsupported jdk.unsupported.desktop jdk.xml.dom"

Environment Variables:
PATH=/home/shuayb/.nvm/versions/node/v24.13.0/bin:/usr/local/sbin:/usr/local/bin:/usr/sbin:/usr/bin:/sbin:/bin:/usr/games:/usr/local/games:/snap/bin:/snap/bin
USERNAME=shuayb
SHELL=/bin/bash
DISPLAY=:0
WAYLAND_DISPLAY=wayland-0
LANG=en_US.UTF-8

Active Locale:
LC_ALL=en_US.UTF-8
LC_COLLATE=en_US.UTF-8
LC_CTYPE=en_US.UTF-8
LC_MESSAGES=en_US.UTF-8
LC_MONETARY=en_US.UTF-8
LC_NUMERIC=en_US.UTF-8
LC_TIME=en_US.UTF-8

Signal Handlers:
   SIGSEGV: crash_handler in libjvm.so, mask=11100100010111111101111111111110, flags=SA_RESTART|SA_SIGINFO, unblocked
    SIGBUS: crash_handler in libjvm.so, mask=11100100010111111101111111111110, flags=SA_RESTART|SA_SIGINFO, unblocked
    SIGFPE: crash_handler in libjvm.so, mask=11100100010111111101111111111110, flags=SA_RESTART|SA_SIGINFO, unblocked
   SIGPIPE: javaSignalHandler in libjvm.so, mask=11100100010111111101111111111110, flags=SA_RESTART|SA_SIGINFO, blocked
   SIGXFSZ: javaSignalHandler in libjvm.so, mask=11100100010111111101111111111110, flags=SA_RESTART|SA_SIGINFO, blocked
    SIGILL: crash_handler in libjvm.so, mask=11100100010111111101111111111110, flags=SA_RESTART|SA_SIGINFO, unblocked
   SIGUSR2: SR_handler in libjvm.so, mask=00000000000000000000000000000000, flags=SA_RESTART|SA_SIGINFO, blocked
    SIGHUP: UserHandler in libjvm.so, mask=11100100010111111101111111111110, flags=SA_RESTART|SA_SIGINFO, blocked
    SIGINT: UserHandler in libjvm.so, mask=11100100010111111101111111111110, flags=SA_RESTART|SA_SIGINFO, blocked
   SIGTERM: UserHandler in libjvm.so, mask=11100100010111111101111111111110, flags=SA_RESTART|SA_SIGINFO, blocked
   SIGQUIT: UserHandler in libjvm.so, mask=11100100010111111101111111111110, flags=SA_RESTART|SA_SIGINFO, blocked
   SIGTRAP: crash_handler in libjvm.so, mask=11100100010111111101111111111110, flags=SA_RESTART|SA_SIGINFO, unblocked


Periodic native trim disabled

---------------  S Y S T E M  ---------------

OS:
DISTRIB_ID=Ubuntu
DISTRIB_RELEASE=24.04
DISTRIB_CODENAME=noble
DISTRIB_DESCRIPTION="Ubuntu 24.04.4 LTS"
uname: Linux 6.17.0-22-generic #22~24.04.1-Ubuntu SMP PREEMPT_DYNAMIC Thu Mar 26 15:25:54 UTC 2 x86_64
OS uptime: 0 days 2:37 hours
libc: glibc 2.39 NPTL 2.39 
rlimit (soft/hard): STACK 8192k/infinity , CORE 0k/infinity , NPROC 62185/62185 , NOFILE 1048576/1048576 , AS infinity/infinity , CPU infinity/infinity , DATA infinity/infinity , FSIZE infinity/infinity , MEMLOCK 2022288k/2022288k
load average: 7.60 4.53 3.64

/proc/meminfo:
MemTotal:       16178316 kB
MemFree:          476596 kB
MemAvailable:    4639256 kB
Buffers:          262208 kB
Cached:          4335364 kB
SwapCached:        73304 kB
Active:          5000800 kB
Inactive:        9474152 kB
Active(anon):    3791928 kB
Inactive(anon):  6601540 kB
Active(file):    1208872 kB
Inactive(file):  2872612 kB
Unevictable:      206364 kB
Mlocked:             104 kB
SwapTotal:       4194300 kB
SwapFree:        3719004 kB
Zswap:                 0 kB
Zswapped:              0 kB
Dirty:              8148 kB
Writeback:             0 kB
AnonPages:      10061872 kB
Mapped:           840672 kB
Shmem:            784500 kB
KReclaimable:     476328 kB
Slab:             742804 kB
SReclaimable:     476328 kB
SUnreclaim:       266476 kB
KernelStack:       26224 kB
PageTables:        74836 kB
SecPageTables:      4292 kB
NFS_Unstable:          0 kB
Bounce:                0 kB
WritebackTmp:          0 kB
CommitLimit:    12283456 kB
Committed_AS:   25312572 kB
VmallocTotal:   34359738367 kB
VmallocUsed:       67788 kB
VmallocChunk:          0 kB
Percpu:             9152 kB
HardwareCorrupted:     0 kB
AnonHugePages:         0 kB
ShmemHugePages:   581632 kB
ShmemPmdMapped:        0 kB
FileHugePages:     40960 kB
FilePmdMapped:         0 kB
CmaTotal:              0 kB
CmaFree:               0 kB
Unaccepted:            0 kB
Balloon:               0 kB
HugePages_Total:       0
HugePages_Free:        0
HugePages_Rsvd:        0
HugePages_Surp:        0
Hugepagesize:       2048 kB
Hugetlb:               0 kB
DirectMap4k:      223856 kB
DirectMap2M:     7966720 kB
DirectMap1G:     8388608 kB

/sys/kernel/mm/transparent_hugepage/enabled: always [madvise] never
/sys/kernel/mm/transparent_hugepage/hpage_pmd_size: 2097152
/sys/kernel/mm/transparent_hugepage/defrag (defrag/compaction efforts parameter): always defer defer+madvise [madvise] never

Process Memory:
Virtual Size: 4597484K (peak: 4658464K)
Resident Set Size: 75060K (peak: 75060K) (anon: 46780K, file: 28280K, shmem: 0K)
Swapped out: 0K
C-Heap outstanding allocations: 38708K, retained: 3459K
glibc malloc tunables: (default)

/proc/sys/kernel/threads-max (system-wide limit on the number of threads): 124371
/proc/sys/vm/max_map_count (maximum number of memory map areas a process may have): 1048576
/proc/sys/vm/swappiness (control to define how aggressively the kernel swaps out anonymous memory): 60
/proc/sys/kernel/pid_max (system-wide limit on number of process identifiers): 4194304

container information not found.
Steal ticks since vm start: 0
Steal ticks percentage since vm start:  0.000

CPU: total 8 (initial active 8) (4 cores per cpu, 2 threads per core) family 6 model 142 stepping 12 microcode 0x100, cx8, cmov, fxsr, ht, mmx, 3dnowpref, sse, sse2, sse3, ssse3, sse4.1, sse4.2, popcnt, lzcnt, tsc, tscinvbit, avx, avx2, aes, erms, clmul, bmi1, bmi2, rtm, adx, fma, vzeroupper, clflush, clflushopt, rdtscp, f16c
CPU Model and flags from /proc/cpuinfo:
model name	: Intel(R) Core(TM) i5-8365U CPU @ 1.60GHz
flags		: fpu vme de pse tsc msr pae mce cx8 apic sep mtrr pge mca cmov pat pse36 clflush dts acpi mmx fxsr sse sse2 ss ht tm pbe syscall nx pdpe1gb rdtscp lm constant_tsc art arch_perfmon pebs bts rep_good nopl xtopology nonstop_tsc cpuid aperfmperf pni pclmulqdq dtes64 monitor ds_cpl vmx smx est tm2 ssse3 sdbg fma cx16 xtpr pdcm pcid sse4_1 sse4_2 x2apic movbe popcnt tsc_deadline_timer aes xsave avx f16c rdrand lahf_lm abm 3dnowprefetch cpuid_fault epb ssbd ibrs ibpb stibp ibrs_enhanced tpr_shadow flexpriority ept vpid ept_ad fsgsbase tsc_adjust bmi1 avx2 smep bmi2 erms invpcid mpx rdseed adx smap clflushopt intel_pt xsaveopt xsavec xgetbv1 xsaves dtherm ida arat pln pts hwp hwp_notify hwp_act_window hwp_epp vnmi md_clear flush_l1d arch_capabilities

Online cpus: 0-7
Offline cpus: 
BIOS frequency limitation: <Not Available>
Frequency switch latency (ns): 0
Available cpu frequencies: <Not Available>
Current governor: powersave
Core performance/turbo boost: <Not Available>

Memory: 4k page, physical 16178316k(4639256k free), swap 4194300k(3719004k free)
Page Sizes: 4k

vm_info: OpenJDK 64-Bit Server VM (21.0.10+7-LTS) for linux-amd64 JRE (21.0.10+7-LTS), built on 2026-01-20T00:00:00Z by "admin" with gcc 11.3.0

END.
